# JRE version: Java(TM) SE Runtime Environment (17.0.1+12) (build 17.0.1+12-LTS-39)
# Java VM: Java HotSpot(TM) 64-Bit Server VM (17.0.1+12-LTS-39, mixed mode, sharing, tiered, compressed oops, compressed class ptrs, g1 gc, windows-amd64)
GC Precious Log:
 CPUs: 8 total, 8 available
 Memory: 16221M
 Large Page Support: Disabled
 NUMA Support: Disabled
 Compressed Oops: Enabled (Zero based)
 Heap Region Size: 2M
 Heap Min Capacity: 8M
 Heap Initial Capacity: 254M
 Heap Max Capacity: 4056M
 Pre-touch: Disabled
 Parallel Workers: 8
 Concurrent Workers: 2
 Concurrent Refinement Workers: 8
 Periodic GC: Disabled
Heap:
 garbage-first heap   total 49152K, used 21627K [0x0000000702800000, 0x0000000800000000)
  region size 2048K, 2 young (4096K), 2 survivors (4096K)
 Metaspace       used 50053K, committed 50432K, reserved 1097728K
  class space    used 6561K, committed 6720K, reserved 1048576K
GC Heap History (20 events):
Event: 5.919 GC heap after
{Heap after GC invocations=5 (full 0):
 garbage-first heap   total 49152K, used 14252K [0x0000000702800000, 0x0000000800000000)
  region size 2048K, 4 young (8192K), 4 survivors (8192K)
 Metaspace       used 25744K, committed 26048K, reserved 1073152K
  class space    used 3179K, committed 3328K, reserved 1048576K
}
Event: 5.927 GC heap before
{Heap before GC invocations=5 (full 0):
 garbage-first heap   total 49152K, used 30636K [0x0000000702800000, 0x0000000800000000)
  region size 2048K, 13 young (26624K), 4 survivors (8192K)
 Metaspace       used 25744K, committed 26048K, reserved 1073152K
  class space    used 3179K, committed 3328K, reserved 1048576K
}
Event: 5.937 GC heap after
{Heap after GC invocations=6 (full 0):
 garbage-first heap   total 49152K, used 14033K [0x0000000702800000, 0x0000000800000000)
  region size 2048K, 1 young (2048K), 1 survivors (2048K)
 Metaspace       used 25744K, committed 26048K, reserved 1073152K
  class space    used 3179K, committed 3328K, reserved 1048576K
}
Event: 5.977 GC heap before
{Heap before GC invocations=6 (full 0):
 garbage-first heap   total 49152K, used 30417K [0x0000000702800000, 0x0000000800000000)
  region size 2048K, 10 young (20480K), 1 survivors (2048K)
 Metaspace       used 25760K, committed 26048K, reserved 1073152K
  class space    used 3179K, committed 3328K, reserved 1048576K
}
Event: 5.978 GC heap after
{Heap after GC invocations=7 (full 0):
 garbage-first heap   total 49152K, used 14333K [0x0000000702800000, 0x0000000800000000)
  region size 2048K, 1 young (2048K), 1 survivors (2048K)
 Metaspace       used 25760K, committed 26048K, reserved 1073152K
  class space    used 3179K, committed 3328K, reserved 1048576K
}
Event: 6.436 GC heap before
{Heap before GC invocations=7 (full 0):
 garbage-first heap   total 49152K, used 32765K [0x0000000702800000, 0x0000000800000000)
  region size 2048K, 10 young (20480K), 1 survivors (2048K)
 Metaspace       used 27483K, committed 27840K, reserved 1073152K
  class space    used 3424K, committed 3584K, reserved 1048576K
}
Event: 6.438 GC heap after
{Heap after GC invocations=8 (full 0):
 garbage-first heap   total 49152K, used 14850K [0x0000000702800000, 0x0000000800000000)
  region size 2048K, 1 young (2048K), 1 survivors (2048K)
 Metaspace       used 27483K, committed 27840K, reserved 1073152K
  class space    used 3424K, committed 3584K, reserved 1048576K
}
Event: 11.197 GC heap before
{Heap before GC invocations=8 (full 0):
 garbage-first heap   total 49152K, used 33282K [0x0000000702800000, 0x0000000800000000)
  region size 2048K, 11 young (22528K), 1 survivors (2048K)
 Metaspace       used 33522K, committed 33856K, reserved 1081344K
  class space    used 4128K, committed 4288K, reserved 1048576K
}
Event: 11.200 GC heap after
{Heap after GC invocations=9 (full 0):
 garbage-first heap   total 49152K, used 16674K [0x0000000702800000, 0x0000000800000000)
  region size 2048K, 2 young (4096K), 2 survivors (4096K)
 Metaspace       used 33522K, committed 33856K, reserved 1081344K
  class space    used 4128K, committed 4288K, reserved 1048576K
}
Event: 14.776 GC heap before
{Heap before GC invocations=9 (full 0):
 garbage-first heap   total 49152K, used 28962K [0x0000000702800000, 0x0000000800000000)
  region size 2048K, 9 young (18432K), 2 survivors (4096K)
 Metaspace       used 35879K, committed 36096K, reserved 1081344K
  class space    used 4383K, committed 4480K, reserved 1048576K
}
Event: 14.779 GC heap after
{Heap after GC invocations=10 (full 0):
 garbage-first heap   total 49152K, used 17530K [0x0000000702800000, 0x0000000800000000)
  region size 2048K, 2 young (4096K), 2 survivors (4096K)
 Metaspace       used 35879K, committed 36096K, reserved 1081344K
  class space    used 4383K, committed 4480K, reserved 1048576K
}
Event: 15.561 GC heap before
{Heap before GC invocations=11 (full 0):
 garbage-first heap   total 49152K, used 33914K [0x0000000702800000, 0x0000000800000000)
  region size 2048K, 10 young (20480K), 2 survivors (4096K)
 Metaspace       used 39713K, committed 40000K, reserved 1089536K
  class space    used 5097K, committed 5184K, reserved 1048576K
}
Event: 15.565 GC heap after
{Heap after GC invocations=12 (full 0):
 garbage-first heap   total 49152K, used 18336K [0x0000000702800000, 0x0000000800000000)
  region size 2048K, 1 young (2048K), 1 survivors (2048K)
 Metaspace       used 39713K, committed 40000K, reserved 1089536K
  class space    used 5097K, committed 5184K, reserved 1048576K
}
Event: 16.224 GC heap before
{Heap before GC invocations=12 (full 0):
 garbage-first heap   total 49152K, used 32672K [0x0000000702800000, 0x0000000800000000)
  region size 2048K, 9 young (18432K), 1 survivors (2048K)
 Metaspace       used 43784K, committed 44096K, reserved 1089536K
  class space    used 5607K, committed 5760K, reserved 1048576K
}
Event: 16.229 GC heap after
{Heap after GC invocations=13 (full 0):
 garbage-first heap   total 49152K, used 19190K [0x0000000702800000, 0x0000000800000000)
  region size 2048K, 2 young (4096K), 2 survivors (4096K)
 Metaspace       used 43784K, committed 44096K, reserved 1089536K
  class space    used 5607K, committed 5760K, reserved 1048576K
}
Event: 16.779 GC heap before
{Heap before GC invocations=13 (full 0):
 garbage-first heap   total 49152K, used 35574K [0x0000000702800000, 0x0000000800000000)
  region size 2048K, 10 young (20480K), 2 survivors (4096K)
 Metaspace       used 46194K, committed 46528K, reserved 1089536K
  class space    used 6045K, committed 6208K, reserved 1048576K
}
Event: 16.782 GC heap after
{Heap after GC invocations=14 (full 0):
 garbage-first heap   total 49152K, used 19688K [0x0000000702800000, 0x0000000800000000)
  region size 2048K, 2 young (4096K), 2 survivors (4096K)
 Metaspace       used 46194K, committed 46528K, reserved 1089536K
  class space    used 6045K, committed 6208K, reserved 1048576K
}
Event: 17.268 GC heap before
{Heap before GC invocations=14 (full 0):
 garbage-first heap   total 49152K, used 34024K [0x0000000702800000, 0x0000000800000000)
  region size 2048K, 10 young (20480K), 2 survivors (4096K)
 Metaspace       used 49153K, committed 49472K, reserved 1097728K
  class space    used 6433K, committed 6592K, reserved 1048576K
}
Event: 17.273 GC heap after
{Heap after GC invocations=15 (full 0):
 garbage-first heap   total 49152K, used 21060K [0x0000000702800000, 0x0000000800000000)
  region size 2048K, 2 young (4096K), 2 survivors (4096K)
 Metaspace       used 49153K, committed 49472K, reserved 1097728K
  class space    used 6433K, committed 6592K, reserved 1048576K
}
Event: 17.588 GC heap before
{Heap before GC invocations=15 (full 0):
 garbage-first heap   total 49152K, used 37444K [0x0000000702800000, 0x0000000800000000)
  region size 2048K, 10 young (20480K), 2 survivors (4096K)
 Metaspace       used 50053K, committed 50432K, reserved 1097728K
  class space    used 6561K, committed 6720K, reserved 1048576K
}

