# JRE version: Java(TM) SE Runtime Environment (17.0.1+12) (build 17.0.1+12-LTS-39)
# Java VM: Java HotSpot(TM) 64-Bit Server VM (17.0.1+12-LTS-39, mixed mode, sharing, tiered, compressed oops, compressed class ptrs, g1 gc, windows-amd64)
GC Precious Log:
 CPUs: 8 total, 8 available
 Memory: 16221M
 Large Page Support: Disabled
 NUMA Support: Disabled
 Compressed Oops: Enabled (Zero based)
 Heap Region Size: 2M
 Heap Min Capacity: 8M
 Heap Initial Capacity: 254M
 Heap Max Capacity: 4056M
 Pre-touch: Disabled
 Parallel Workers: 8
 Concurrent Workers: 2
 Concurrent Refinement Workers: 8
 Periodic GC: Disabled
Heap:
 garbage-first heap   total 49152K, used 25871K [0x0000000702800000, 0x0000000800000000)
  region size 2048K, 4 young (8192K), 2 survivors (4096K)
 Metaspace       used 52922K, committed 53312K, reserved 1097728K
  class space    used 7105K, committed 7296K, reserved 1048576K
GC Heap History (20 events):
Event: 117.070 GC heap before
{Heap before GC invocations=9 (full 0):
 garbage-first heap   total 49152K, used 35579K [0x0000000702800000, 0x0000000800000000)
  region size 2048K, 11 young (22528K), 1 survivors (2048K)
 Metaspace       used 32541K, committed 32896K, reserved 1081344K
  class space    used 4118K, committed 4288K, reserved 1048576K
}
Event: 117.072 GC heap after
{Heap after GC invocations=10 (full 0):
 garbage-first heap   total 49152K, used 16894K [0x0000000702800000, 0x0000000800000000)
  region size 2048K, 2 young (4096K), 2 survivors (4096K)
 Metaspace       used 32541K, committed 32896K, reserved 1081344K
  class space    used 4118K, committed 4288K, reserved 1048576K
}
Event: 132.394 GC heap before
{Heap before GC invocations=10 (full 0):
 garbage-first heap   total 49152K, used 33278K [0x0000000702800000, 0x0000000800000000)
  region size 2048K, 11 young (22528K), 2 survivors (4096K)
 Metaspace       used 35721K, committed 35968K, reserved 1081344K
  class space    used 4530K, committed 4672K, reserved 1048576K
}
Event: 132.397 GC heap after
{Heap after GC invocations=11 (full 0):
 garbage-first heap   total 49152K, used 17640K [0x0000000702800000, 0x0000000800000000)
  region size 2048K, 2 young (4096K), 2 survivors (4096K)
 Metaspace       used 35721K, committed 35968K, reserved 1081344K
  class space    used 4530K, committed 4672K, reserved 1048576K
}
Event: 144.961 GC heap before
{Heap before GC invocations=12 (full 0):
 garbage-first heap   total 49152K, used 34024K [0x0000000702800000, 0x0000000800000000)
  region size 2048K, 10 young (20480K), 2 survivors (4096K)
 Metaspace       used 39584K, committed 39872K, reserved 1089536K
  class space    used 5203K, committed 5312K, reserved 1048576K
}
Event: 144.964 GC heap after
{Heap after GC invocations=13 (full 0):
 garbage-first heap   total 49152K, used 18480K [0x0000000702800000, 0x0000000800000000)
  region size 2048K, 1 young (2048K), 1 survivors (2048K)
 Metaspace       used 39584K, committed 39872K, reserved 1089536K
  class space    used 5203K, committed 5312K, reserved 1048576K
}
Event: 147.155 GC heap before
{Heap before GC invocations=13 (full 0):
 garbage-first heap   total 49152K, used 20528K [0x0000000702800000, 0x0000000800000000)
  region size 2048K, 2 young (4096K), 1 survivors (2048K)
 Metaspace       used 39957K, committed 40320K, reserved 1089536K
  class space    used 5274K, committed 5440K, reserved 1048576K
}
Event: 147.158 GC heap after
{Heap after GC invocations=14 (full 0):
 garbage-first heap   total 49152K, used 18130K [0x0000000702800000, 0x0000000800000000)
  region size 2048K, 1 young (2048K), 1 survivors (2048K)
 Metaspace       used 39957K, committed 40320K, reserved 1089536K
  class space    used 5274K, committed 5440K, reserved 1048576K
}
Event: 157.487 GC heap before
{Heap before GC invocations=14 (full 0):
 garbage-first heap   total 49152K, used 36562K [0x0000000702800000, 0x0000000800000000)
  region size 2048K, 10 young (20480K), 1 survivors (2048K)
 Metaspace       used 44190K, committed 44544K, reserved 1089536K
  class space    used 5927K, committed 6080K, reserved 1048576K
}
Event: 157.490 GC heap after
{Heap after GC invocations=15 (full 0):
 garbage-first heap   total 49152K, used 19028K [0x0000000702800000, 0x0000000800000000)
  region size 2048K, 1 young (2048K), 1 survivors (2048K)
 Metaspace       used 44190K, committed 44544K, reserved 1089536K
  class space    used 5927K, committed 6080K, reserved 1048576K
}
Event: 173.396 GC heap before
{Heap before GC invocations=15 (full 0):
 garbage-first heap   total 49152K, used 37460K [0x0000000702800000, 0x0000000800000000)
  region size 2048K, 10 young (20480K), 1 survivors (2048K)
 Metaspace       used 46717K, committed 46976K, reserved 1097728K
  class space    used 6262K, committed 6400K, reserved 1048576K
}
Event: 173.400 GC heap after
{Heap after GC invocations=16 (full 0):
 garbage-first heap   total 49152K, used 20063K [0x0000000702800000, 0x0000000800000000)
  region size 2048K, 2 young (4096K), 2 survivors (4096K)
 Metaspace       used 46717K, committed 46976K, reserved 1097728K
  class space    used 6262K, committed 6400K, reserved 1048576K
}
Event: 189.615 GC heap before
{Heap before GC invocations=16 (full 0):
 garbage-first heap   total 49152K, used 36447K [0x0000000702800000, 0x0000000800000000)
  region size 2048K, 10 young (20480K), 2 survivors (4096K)
 Metaspace       used 48440K, committed 48832K, reserved 1097728K
  class space    used 6539K, committed 6720K, reserved 1048576K
}
Event: 189.619 GC heap after
{Heap after GC invocations=17 (full 0):
 garbage-first heap   total 49152K, used 20887K [0x0000000702800000, 0x0000000800000000)
  region size 2048K, 2 young (4096K), 2 survivors (4096K)
 Metaspace       used 48440K, committed 48832K, reserved 1097728K
  class space    used 6539K, committed 6720K, reserved 1048576K
}
Event: 207.230 GC heap before
{Heap before GC invocations=17 (full 0):
 garbage-first heap   total 49152K, used 37271K [0x0000000702800000, 0x0000000800000000)
  region size 2048K, 10 young (20480K), 2 survivors (4096K)
 Metaspace       used 50767K, committed 51200K, reserved 1097728K
  class space    used 6809K, committed 7040K, reserved 1048576K
}
Event: 207.233 GC heap after
{Heap after GC invocations=18 (full 0):
 garbage-first heap   total 49152K, used 21838K [0x0000000702800000, 0x0000000800000000)
  region size 2048K, 2 young (4096K), 2 survivors (4096K)
 Metaspace       used 50767K, committed 51200K, reserved 1097728K
  class space    used 6809K, committed 7040K, reserved 1048576K
}
Event: 233.291 GC heap before
{Heap before GC invocations=18 (full 0):
 garbage-first heap   total 49152K, used 36174K [0x0000000702800000, 0x0000000800000000)
  region size 2048K, 9 young (18432K), 2 survivors (4096K)
 Metaspace       used 51032K, committed 51456K, reserved 1097728K
  class space    used 6842K, committed 7040K, reserved 1048576K
}
Event: 233.296 GC heap after
{Heap after GC invocations=19 (full 0):
 garbage-first heap   total 49152K, used 22403K [0x0000000702800000, 0x0000000800000000)
  region size 2048K, 2 young (4096K), 2 survivors (4096K)
 Metaspace       used 51032K, committed 51456K, reserved 1097728K
  class space    used 6842K, committed 7040K, reserved 1048576K
}
Event: 258.549 GC heap before
{Heap before GC invocations=19 (full 0):
 garbage-first heap   total 49152K, used 36739K [0x0000000702800000, 0x0000000800000000)
  region size 2048K, 9 young (18432K), 2 survivors (4096K)
 Metaspace       used 52680K, committed 53120K, reserved 1097728K
  class space    used 7075K, committed 7296K, reserved 1048576K
}
Event: 258.554 GC heap after
{Heap after GC invocations=20 (full 0):
 garbage-first heap   total 49152K, used 23823K [0x0000000702800000, 0x0000000800000000)
  region size 2048K, 2 young (4096K), 2 survivors (4096K)
 Metaspace       used 52680K, committed 53120K, reserved 1097728K
  class space    used 7075K, committed 7296K, reserved 1048576K
}

